Qflow migration logfile created on Sun Sep 13 13:26:07 IST 2020
magic -dnull -noconsole  migrate_MUX_2X1.tcl

Magic 8.2 revision 172 - Compiled on Thu Aug 13 18:58:09 IST 2020.
Starting magic under Tcl interpreter
Using the terminal as the console.
Using NULL graphics device.
Processing system .magicrc file
Input style lambda=0.10(p): scaleFactor=10, multiplier=1
Contact size value ignored (using GDS generation rules).
Contact size value ignored (using GDS generation rules).
Contact size value ignored (using GDS generation rules).
Contact size value ignored (using GDS generation rules).
Contact size value ignored (using GDS generation rules).
Contact size value ignored (using GDS generation rules).
Loading "migrate_MUX_2X1.tcl" from command line.
Root cell box:
           width x height  (   llx,  lly  ), (   urx,  ury  )

microns:    0.00 x 0.00    (  0.00,  0.00 ), (  0.00,  0.00 )
lambda:        0 x 0       (     0,  0    ), (     0,  0    )
Reading LEF data from file /usr/local/share/qflow/tech/osu018/osu018_stdcells.lef.
This action cannot be undone.
LEF read, Line 16 (Message): Unknown keyword "OBS" in LEF file; ignoring.
LEF read, Line 17 (Message): Unknown keyword "PIN" in LEF file; ignoring.
LEF read, Line 309 (Message): Defines site core (ignored)
Moving label "CLK" from metal1 to m2contact in cell DFFNEGX1.
Moving label "CLK" from metal1 to m2contact in cell DFFNEGX1.
Moving label "A" from metal1 to m2contact in cell XNOR2X1.
LEF read: Processed 2941 lines.
Reading DEF data from file MUX_2X1.def.
This action cannot be undone.
  Processed 5 vias total.
  Processed 8 subcell instances total.
  Processed 6 pins total.
  Processed 7 nets total.
  Processed 2 special nets total.
DEF read: Processed 141 lines.
Generating LEF output MUX_2X1.lef for cell MUX_2X1:
Diagnostic:  Write LEF header for cell MUX_2X1
Diagnostic:  Writing LEF output for cell MUX_2X1
Diagnostic:  Scale value is 0.100000
Extracting BUFX2 into BUFX2.ext:
Completed 100%
Extracting NAND2X1 into NAND2X1.ext:
Completed 100%
Extracting OAI21X1 into OAI21X1.ext:
Completed 100%
Extracting FILL into FILL.ext:
Completed 100%
Extracting INVX1 into INVX1.ext:
Completed 100%
Extracting MUX_2X1 into MUX_2X1.ext:
Completed 50%
Completed 75%
Completed 100%
No port connection on port 0;  need to resolve.
No port connection on port 0;  need to resolve.
No port connection on port 0;  need to resolve.
No port connection on port 0;  need to resolve.
No port connection on port 0;  need to resolve.
No port connection on port 0;  need to resolve.
No port connection on port 0;  need to resolve.
No port connection on port 0;  need to resolve.
exttospice finished.
Migration script ended on Sun Sep 13 13:26:08 IST 2020
