Qflow placement logfile created on Sun Sep 13 13:25:56 IST 2020
Running blif2cel to generate input files for graywolf
blif2cel.tcl --blif /home/alok/vsdflow/verilog/synthesis/MUX_2X1.blif  --lef  /usr/local/share/qflow/tech/osu018/osu018_stdcells.lef --cel /home/alok/vsdflow/verilog/layout/MUX_2X1.cel 
Opened BLIF file (/home/alok/vsdflow/verilog/synthesis/MUX_2X1.blif) for reading ...
Opened CEL file (/home/alok/vsdflow/verilog/layout/MUX_2X1.cel) for writing...
Loaded /usr/local/share/qflow/tech/osu018/osu018_stdcells.lef file for reading...
1st pass of blif file /home/alok/vsdflow/verilog/synthesis/MUX_2X1.blif. . .
Reading macros and/or technology data from LEF file. . .
LEF file specifies route layer Y pitch as 1
LEF file specifies route layer X pitch as 0.8
Parsing macro BUFX2
Parsing macro INVX1
Parsing macro NAND2X1
Parsing macro OAI21X1
2nd pass of blif file. . .
3rd pass of blif file. . .
Done!
No MUX_2X1.cel1 file found for project. . . no partial blockages to apply to layout.
No MUX_2X1.cel2 file found for project. . . continuing without pin placement hints
Running GrayWolf placement
graywolf  MUX_2X1

twflow version:2.1 date:Mon May 25 21:15:08 EDT 1992
Authors: Bill Swartz, Carl Sechen
         Yale University

syntax version:v1.1 date:Mon May 25 21:11:10 EDT 1992
TimberWolf System Syntax Checker
Authors: Carl Sechen, Kai-Win Lee, Bill Swartz,
         Dahe Chen, and Jimmy Lam
         Yale University

No syntax errors were found

syntax terminated normally with no errors and 0 warning[s]


----------------------------
Total stdcells     :4
Total cell width   :9.60e+02
Total cell height  :4.00e+03
Total cell area    :9.60e+05
Total core area    :9.60e+05
Average cell height:1.00e+03


nocut - replacement for Mincut version:v1.0 date:Mon May 25 21:09:40 EDT 1992
TimberWolf System Floorplan Setup Program
Authors: Carl Sechen, Bill Swartz,
         Yale University

Splitting MUX_2X1.cel into MUX_2X1.scel and MUX_2X1.mcel...
	done!


nocut - replacement for Mincut terminated normally with no errors and 0 warning[s]


TimberWolfMC version:v2.2 date:Mon May 25 21:18:34 EDT 1992
Authors: Carl Sechen, Bill Swartz, Kai-Win Lee
         Dahe Chen, and Jimmy Lam
         Yale University

config version:v1.0 date:Mon May 25 20:57:18 EDT 1992
Row configuration program
    Yale University


config switches:
	Graphics mode on
	config will inherit window



config terminated normally with no errors and 0 warning[s]

WARNING[space_pins]:overflow for cell:1 pin:pin3

TimberWolfMC terminated normally with no errors and 1 warning[s]



TimberWolfSC switches:
	Graphics mode on
	TimberWolfSC will inherit window

TimberWolfSC version:v6.0 date:Mon May 25 21:19:07 EDT 1992
Row-Based Placement and Global Routing Program
Authors: Carl Sechen, Kai-Win Lee, and Bill Swartz,
         Yale University
  0 
  1   2   3   4   5   6   7   8   9  10  11  12  13  14  15 
 16  17  18  19  20  21  22  23  24  25  26  27  28  29  30 
 31  32  33  34  35  36  37  38  39  40  41  42  43  44  45 
 46  47  48  49  50  51  52  53  54  55  56  57  58  59  60 
 61  62  63  64  65  66  67  68  69  70  71  72  73  74  75 
 76  77  78  79  80  81  82  83  84  85  86  87  88  89  90 
 91  92  93  94  95  96  97  98  99 100 101 102 103 104 105 
106 107 108 109 110 111 112 113 114 115 116 117 118 119 120 
121 122 123 124 125 126 127 128 129 130 131 132 133 134 135 
136 
 block left edge is at -239
 the longest block length is 960
 building the steiner trees
 rebuilding the steiner tree

----start doing coarse global routing ------ 
 ITERATION  1

  longest Row is:1   Its length is:960
 doing feed-through pins assignment
 building the net-tree now !
 set up the global routing grids
 the starting value of tracks =    4
 removing redundant feed-through pins
 the connectivity of all the nets is verified

 block left edge is at -239
 the longest block length is 960
 building the steiner trees
 rebuilding the steiner tree

----start doing coarse global routing ------ 
 ITERATION  1

  longest Row is:1   Its length is:960
 doing feed-through pins assignment
 building the net-tree now !
 set up the global routing grids
 the starting value of tracks =    4
 removing redundant feed-through pins
 the connectivity of all the nets is verified

 block left edge is at -239
 the longest block length is 960
 building the steiner trees
 rebuilding the steiner tree

----start doing coarse global routing ------ 
 ITERATION  1

  longest Row is:1   Its length is:960
 doing feed-through pins assignment
 building the net-tree now !
 set up the global routing grids
 the starting value of tracks =    4
 removing redundant feed-through pins
 the connectivity of all the nets is verified

 block left edge is at -239
 the longest block length is 960
 building the steiner trees
 rebuilding the steiner tree

----start doing coarse global routing ------ 
 ITERATION  1

  longest Row is:1   Its length is:960
 doing feed-through pins assignment
 building the net-tree now !
 set up the global routing grids
 the starting value of tracks =    4
 removing redundant feed-through pins
 the connectivity of all the nets is verified

 block left edge is at -239
 the longest block length is 960
 building the steiner trees
 rebuilding the steiner tree

----start doing coarse global routing ------ 
 ITERATION  1

  longest Row is:1   Its length is:960
 doing feed-through pins assignment
 building the net-tree now !
 set up the global routing grids
 the starting value of tracks =    4
 removing redundant feed-through pins
 the connectivity of all the nets is verified

 block left edge is at -239
 the longest block length is 960
 building the steiner trees
 rebuilding the steiner tree

----start doing coarse global routing ------ 
 ITERATION  1

  longest Row is:1   Its length is:960
 doing feed-through pins assignment
 building the net-tree now !
 set up the global routing grids
 the starting value of tracks =    4
 removing redundant feed-through pins
 the connectivity of all the nets is verified

 block left edge is at -239
 the longest block length is 960
 building the steiner trees
 rebuilding the steiner tree

----start doing coarse global routing ------ 
 ITERATION  1

  longest Row is:1   Its length is:960
 doing feed-through pins assignment
 building the net-tree now !
 set up the global routing grids
 the starting value of tracks =    4
 removing redundant feed-through pins
 the connectivity of all the nets is verified

 block left edge is at -239
 the longest block length is 960
 building the steiner trees
 rebuilding the steiner tree

----start doing coarse global routing ------ 
 ITERATION  1

  longest Row is:1   Its length is:960
 doing feed-through pins assignment
 building the net-tree now !
 set up the global routing grids
 the starting value of tracks =    4
 removing redundant feed-through pins
 the connectivity of all the nets is verified


***********************************************
*ACTUAL* FINAL NUMBER OF ROUTING TRACKS: 4
***********************************************


TimberWolfSC terminated normally with no errors and 0 warning[s]


twflow terminated normally with no errors and 0 warning[s]

Running getfillcell to determine cell to use for fill.
getfillcell.tcl MUX_2X1  /usr/local/share/qflow/tech/osu018/osu018_stdcells.lef FILL
Using cell FILL for fill
Running place2def to translate graywolf output to DEF format.
place2def.tcl MUX_2X1 FILL 
Running place2def.tcl
DEF database: 100 units per micron
Limits: xbot = -535.0 ybot = -200 xtop = 1015.0 ytop = 800
Core values: 40.0 50.0 1000.0 1050.0
Offsets: 40.0 50.0
6 routing layers
metal1: 12 vertical tracks from 0um with 1um pitch
metal2: 21 vertical tracks from -3.2um with 0.8um pitch
metal3: 12 vertical tracks from 0um with 1um pitch
metal4: 21 vertical tracks from -3.2um with 0.8um pitch
metal5: 12 vertical tracks from 0um with 1um pitch
metal6: 11 vertical tracks from -3.2um with 1.6um pitch
Summary: Total components = 4
  Fill cells  = 0
  Other cells = 4
Done with place2def.tcl
Running addspacers to generate power stripes and align cell right edge
addspacers.tcl  -stripe 2.0 50.0 PG MUX_2X1  /usr/local/share/qflow/tech/osu018/osu018_stdcells.lef FILL
Reading FILL macros from LEF file.
Reading DEF file MUX_2X1.def. . .
Number of rows is 1
Longest row has width 10.0 um
addspacers:  No room for stripes, pitch reduced from 4960.0 to 528.0.
addspacers:  Inserting 2 stripes of width 1.6 um (2.0 um requested)
  Pitch 5.28 um, offset 1.6 um
stretch:  Number of components is 8
Analysis of DEF file:
Number of components = 4
New number of components = 8
Number of rows = 1
Adjusting obstructions for power striping
Done with addspacers.tcl
Running arrangepins to adjust pin positions for optimal routing.
arrangepins.tcl  MUX_2X1
Reading info file MUX_2X1.info. . .
Reading DEF file MUX_2X1.def. . .
can't use empty string as operand of "-"
    while executing
"- $lastyrow $prevyrow"
    invoked from within
"if [regexp {[ \t]*END[ \t]+COMPONENTS} $line lmatch] {
	    set incomps false
	    if $debug {puts stdout "end components section"}

	    # Sort the r..."
    invoked from within
"if $innets {
	if [regexp {[ \t]*END[ \t]+NETS} $line lmatch] {
	    if $debug {puts stdout "end nets section"}
	    set innets false
	} elseif [regexp..."
    ("while" body line 24)
    invoked from within
"while {[gets $fdef line] >= 0} {
    if [regexp {[ \t]*#} $line lmatch] {
        continue
    } elseif [regexp {[ \t]*UNITS[ \t]+DISTANCE[ \t]+MICRON..."
    (file "/usr/local/share/qflow/scripts/arrangepins.tcl" line 99)
blifanno.tcl /home/alok/vsdflow/verilog/synthesis/MUX_2X1.blif MUX_2X1.def /home/alok/vsdflow/verilog/synthesis/MUX_2X1_anno.blif
Running blifanno.tcl
Reading DEF file MUX_2X1.def. . .
Done with blifanno.tcl

Generating RTL verilog and SPICE netlist file in directory
   /home/alok/vsdflow/verilog/synthesis
Files:
   Verilog: /home/alok/vsdflow/verilog/synthesis/MUX_2X1.rtl.v
   Verilog: /home/alok/vsdflow/verilog/synthesis/MUX_2X1.rtlnopwr.v
   Verilog: /home/alok/vsdflow/verilog/synthesis/MUX_2X1.rtlbb.v
   Spice:   /home/alok/vsdflow/verilog/synthesis/MUX_2X1.spc

Running blif2Verilog.
Running blif2BSpice.
Placement script ended on Sun Sep 13 13:26:04 IST 2020
