Qflow static timing analysis logfile created on Sun Sep 13 13:26:06 IST 2020
Converting qrouter output to vesta delay format
Running rc2dly -r MUX_2X1.rc -l /usr/local/share/qflow/tech/osu018/osu018_stdcells.lib -d MUX_2X1.dly
Converting qrouter output to SPEF delay format
Running rc2dly -D : -r MUX_2X1.rc -l /usr/local/share/qflow/tech/osu018/osu018_stdcells.lib -d MUX_2X1.spef
Converting qrouter output to SDF delay format
Running rc2dly -r MUX_2X1.rc -l /usr/local/share/qflow/tech/osu018/osu018_stdcells.lib -d MUX_2X1.sdf
Running vesta static timing analysis with back-annotated extracted wire delays
vesta -c -d MUX_2X1.dly --long MUX_2X1.rtlnopwr.v /usr/local/share/qflow/tech/osu018/osu018_stdcells.lib
----------------------------------------------
Vesta static timing analysis tool
for qflow 1.3.17
(c) 2013-2018 Tim Edwards, Open Circuit Design
----------------------------------------------

Parsing library "osu018_stdcells"
End of library at line 6141
Parsing module "MUX_2X1"
Lib read /usr/local/share/qflow/tech/osu018/osu018_stdcells.lib:  Processed 6142 lines.
Verilog netlist read:  Processed 20 lines.
Number of paths analyzed:  0

Top 0 maximum delay paths:
Computed maximum clock frequency (zero margin) = inf MHz
-----------------------------------------

Number of paths analyzed:  0

Top 0 minimum delay paths:
Design meets minimum hold timing.
-----------------------------------------

Number of paths analyzed:  1

Top 1 maximum delay paths:
Path input pin inp_1 to output pin out delay 196.963 ps
      0.0 ps  inp_1:             ->   INVX1_1/A
     44.1 ps    _0_:   INVX1_1/Y -> OAI21X1_1/A
    116.9 ps    _2_: OAI21X1_1/Y ->   BUFX2_1/A
    197.0 ps    out:   BUFX2_1/Y -> out

-----------------------------------------

Number of paths analyzed:  1

Top 1 minimum delay paths:
Path input pin sel to output pin out delay 123.995 ps
      0.1 ps  sel:             -> OAI21X1_1/B
     55.4 ps  _2_: OAI21X1_1/Y ->   BUFX2_1/A
    124.0 ps  out:   BUFX2_1/Y -> out

-----------------------------------------

